<?xml version="1.0" encoding="UTF-8"?>
<!-- Generated by org.testng.reporters.JUnitReportReporter -->
<testsuite hostname="DESKTOP-SNDL0E0" failures="0" tests="1" name="TestngPackage.FirstTestng" time="0.013" errors="0" timestamp="2020-02-04T14:02:53 IST" skipped="0">
  <testcase classname="TestngPackage.FirstTestng" name="f" time="0.013"/>
</testsuite> <!-- TestngPackage.FirstTestng -->
