<?xml version="1.0" encoding="UTF-8"?>
<!-- Generated by org.testng.reporters.JUnitReportReporter -->
<testsuite hostname="DESKTOP-SNDL0E0" failures="0" tests="1" name="TestngPackage.Forthtestng" time="0.002" errors="0" timestamp="2020-02-04T18:58:14 IST" skipped="0">
  <testcase classname="TestngPackage.Forthtestng" name="forthtest2" time="0.002"/>
</testsuite> <!-- TestngPackage.Forthtestng -->
