<?xml version="1.0" encoding="UTF-8"?>
<!-- Generated by org.testng.reporters.JUnitReportReporter -->
<testsuite hostname="DESKTOP-SNDL0E0" failures="0" tests="2" name="TestngPackage.Thirdtestng" time="0.016" errors="0" timestamp="2020-02-04T18:58:14 IST" skipped="0">
  <testcase classname="TestngPackage.Thirdtestng" name="Thirdtestng2" time="0.013"/>
  <testcase classname="TestngPackage.Thirdtestng" name="different1" time="0.003"/>
</testsuite> <!-- TestngPackage.Thirdtestng -->
